[13-Jul-2016 15:51:02 UTC] PHP Fatal error:  Call to undefined function get_header() in /home/admin/web/cheapfirstclass.com/public_html/wp-content/themes/cheapfirstclasstheme/index.php on line 16
[26-Jul-2016 16:11:41 UTC] PHP Fatal error:  Call to undefined function get_header() in /home/admin/web/cheapfirstclass.com/public_html/wp-content/themes/cheapfirstclasstheme/404.php on line 10
[26-Jul-2016 16:11:43 UTC] PHP Fatal error:  Call to undefined function get_header() in /home/admin/web/cheapfirstclass.com/public_html/wp-content/themes/cheapfirstclasstheme/404.php on line 10
[28-Jul-2016 04:59:05 UTC] PHP Fatal error:  Call to undefined function get_header() in /home/admin/web/cheapfirstclass.com/public_html/wp-content/themes/cheapfirstclasstheme/404.php on line 10
[28-Jul-2016 18:38:03 UTC] PHP Fatal error:  Call to undefined function get_header() in /home/admin/web/cheapfirstclass.com/public_html/wp-content/themes/cheapfirstclasstheme/404.php on line 10
[28-Jul-2016 22:05:43 UTC] PHP Fatal error:  Call to undefined function get_header() in /home/admin/web/cheapfirstclass.com/public_html/wp-content/themes/cheapfirstclasstheme/404.php on line 10
[01-Aug-2016 23:00:05 UTC] PHP Fatal error:  Call to undefined function get_header() in /home/admin/web/cheapfirstclass.com/public_html/wp-content/themes/cheapfirstclasstheme/archive.php on line 15
[03-Aug-2016 01:47:32 UTC] PHP Fatal error:  Call to undefined function add_action() in /home/admin/web/cheapfirstclass.com/public_html/wp-content/themes/cheapfirstclasstheme/functions.php on line 51
[06-Aug-2016 01:58:03 UTC] PHP Fatal error:  Call to undefined function add_action() in /home/admin/web/cheapfirstclass.com/public_html/wp-content/themes/cheapfirstclasstheme/functions.php on line 51
[07-Aug-2016 19:32:51 UTC] PHP Fatal error:  Call to undefined function is_front_page() in /home/admin/web/cheapfirstclass.com/public_html/wp-content/themes/cheapfirstclasstheme/header.php on line 19
[07-Aug-2016 19:32:53 UTC] PHP Fatal error:  Call to undefined function build_lshowcase() in /home/admin/web/cheapfirstclass.com/public_html/wp-content/themes/cheapfirstclasstheme/footer.php on line 18
[07-Aug-2016 19:32:54 UTC] PHP Fatal error:  Call to undefined function get_header() in /home/admin/web/cheapfirstclass.com/public_html/wp-content/themes/cheapfirstclasstheme/404.php on line 10
[10-Aug-2016 17:44:43 UTC] PHP Fatal error:  Call to undefined function add_action() in /home/admin/web/cheapfirstclass.com/public_html/wp-content/themes/cheapfirstclasstheme/functions.php on line 51
[25-Oct-2016 01:06:20 UTC] PHP Fatal error:  Call to undefined function get_header() in /home/admin/web/cheapfirstclass.com/public_html/wp-content/themes/cheapfirstclasstheme/404.php on line 10
[24-Nov-2016 07:03:30 UTC] PHP Fatal error:  Call to undefined function get_header() in /home/admin/web/cheapfirstclass.com/public_html/wp-content/themes/cheapfirstclasstheme/index.php on line 16
[17-Mar-2017 02:12:43 UTC] PHP Fatal error:  Call to undefined function get_header() in /home/admin/web/cheapfirstclass.com/public_html/wp-content/themes/cheapfirstclasstheme/404.php on line 10
[23-Mar-2017 15:39:38 UTC] PHP Fatal error:  Call to undefined function get_header() in /home/admin/web/cheapfirstclass.com/public_html/wp-content/themes/cheapfirstclasstheme/404.php on line 10
[04-Feb-2018 15:14:02 UTC] PHP Fatal error:  Call to undefined function get_header() in /home/admin/web/cheapfirstclass.com/public_html/wp-content/themes/cheapfirstclasstheme/404.php on line 10
[04-Feb-2018 15:14:03 UTC] PHP Fatal error:  Call to undefined function get_header() in /home/admin/web/cheapfirstclass.com/public_html/wp-content/themes/cheapfirstclasstheme/404.php on line 10
[01-Aug-2018 16:38:08 UTC] PHP Fatal error:  Call to undefined function post_password_required() in /home/admin/web/cheapfirstclass.com/public_html/wp-content/themes/cheapfirstclasstheme/comments.php on line 17
[01-Aug-2018 16:38:09 UTC] PHP Fatal error:  Call to undefined function post_password_required() in /home/admin/web/cheapfirstclass.com/public_html/wp-content/themes/cheapfirstclasstheme/comments.php on line 17
[21-Nov-2018 04:10:04 UTC] PHP Fatal error:  Call to undefined function get_header() in /home/admin/web/cheapfirstclass.com/public_html/wp-content/themes/cheapfirstclasstheme/index.php on line 16
[21-Nov-2018 08:13:40 UTC] PHP Fatal error:  Call to undefined function get_header() in /home/admin/web/cheapfirstclass.com/public_html/wp-content/themes/cheapfirstclasstheme/index.php on line 16
[22-Nov-2018 08:18:12 UTC] PHP Fatal error:  Call to undefined function get_header() in /home/admin/web/cheapfirstclass.com/public_html/wp-content/themes/cheapfirstclasstheme/index.php on line 16
[23-Nov-2018 08:07:47 UTC] PHP Fatal error:  Call to undefined function get_header() in /home/admin/web/cheapfirstclass.com/public_html/wp-content/themes/cheapfirstclasstheme/index.php on line 16
[24-Nov-2018 08:10:57 UTC] PHP Fatal error:  Call to undefined function get_header() in /home/admin/web/cheapfirstclass.com/public_html/wp-content/themes/cheapfirstclasstheme/index.php on line 16
[25-Nov-2018 08:06:24 UTC] PHP Fatal error:  Call to undefined function get_header() in /home/admin/web/cheapfirstclass.com/public_html/wp-content/themes/cheapfirstclasstheme/index.php on line 16
[26-Nov-2018 08:19:41 UTC] PHP Fatal error:  Call to undefined function get_header() in /home/admin/web/cheapfirstclass.com/public_html/wp-content/themes/cheapfirstclasstheme/index.php on line 16
[27-Nov-2018 08:05:43 UTC] PHP Fatal error:  Call to undefined function get_header() in /home/admin/web/cheapfirstclass.com/public_html/wp-content/themes/cheapfirstclasstheme/index.php on line 16
[28-Nov-2018 08:15:00 UTC] PHP Fatal error:  Call to undefined function get_header() in /home/admin/web/cheapfirstclass.com/public_html/wp-content/themes/cheapfirstclasstheme/index.php on line 16
[29-Nov-2018 08:05:27 UTC] PHP Fatal error:  Call to undefined function get_header() in /home/admin/web/cheapfirstclass.com/public_html/wp-content/themes/cheapfirstclasstheme/index.php on line 16
[30-Nov-2018 08:11:11 UTC] PHP Fatal error:  Call to undefined function get_header() in /home/admin/web/cheapfirstclass.com/public_html/wp-content/themes/cheapfirstclasstheme/index.php on line 16
[01-Dec-2018 08:04:26 UTC] PHP Fatal error:  Call to undefined function get_header() in /home/admin/web/cheapfirstclass.com/public_html/wp-content/themes/cheapfirstclasstheme/index.php on line 16
[01-Dec-2018 21:50:32 UTC] PHP Fatal error:  Call to undefined function get_header() in /home/admin/web/cheapfirstclass.com/public_html/wp-content/themes/cheapfirstclasstheme/404.php on line 10
[02-Dec-2018 08:09:57 UTC] PHP Fatal error:  Call to undefined function get_header() in /home/admin/web/cheapfirstclass.com/public_html/wp-content/themes/cheapfirstclasstheme/index.php on line 16
[03-Dec-2018 08:11:52 UTC] PHP Fatal error:  Call to undefined function get_header() in /home/admin/web/cheapfirstclass.com/public_html/wp-content/themes/cheapfirstclasstheme/index.php on line 16
[04-Dec-2018 08:18:36 UTC] PHP Fatal error:  Call to undefined function get_header() in /home/admin/web/cheapfirstclass.com/public_html/wp-content/themes/cheapfirstclasstheme/index.php on line 16
[04-Dec-2018 13:54:07 UTC] PHP Fatal error:  Call to undefined function get_header() in /home/admin/web/cheapfirstclass.com/public_html/wp-content/themes/cheapfirstclasstheme/404.php on line 10
[04-Dec-2018 13:54:09 UTC] PHP Fatal error:  Call to undefined function get_header() in /home/admin/web/cheapfirstclass.com/public_html/wp-content/themes/cheapfirstclasstheme/archive.php on line 15
[04-Dec-2018 13:54:10 UTC] PHP Fatal error:  Call to undefined function get_header() in /home/admin/web/cheapfirstclass.com/public_html/wp-content/themes/cheapfirstclasstheme/search.php on line 10
[05-Dec-2018 08:13:40 UTC] PHP Fatal error:  Call to undefined function get_header() in /home/admin/web/cheapfirstclass.com/public_html/wp-content/themes/cheapfirstclasstheme/index.php on line 16
[06-Dec-2018 08:17:13 UTC] PHP Fatal error:  Call to undefined function get_header() in /home/admin/web/cheapfirstclass.com/public_html/wp-content/themes/cheapfirstclasstheme/index.php on line 16
[07-Dec-2018 08:09:10 UTC] PHP Fatal error:  Call to undefined function get_header() in /home/admin/web/cheapfirstclass.com/public_html/wp-content/themes/cheapfirstclasstheme/index.php on line 16
[08-Dec-2018 08:47:05 UTC] PHP Fatal error:  Call to undefined function get_header() in /home/admin/web/cheapfirstclass.com/public_html/wp-content/themes/cheapfirstclasstheme/index.php on line 16
[09-Dec-2018 08:35:17 UTC] PHP Fatal error:  Call to undefined function get_header() in /home/admin/web/cheapfirstclass.com/public_html/wp-content/themes/cheapfirstclasstheme/index.php on line 16
[10-Dec-2018 08:40:51 UTC] PHP Fatal error:  Call to undefined function get_header() in /home/admin/web/cheapfirstclass.com/public_html/wp-content/themes/cheapfirstclasstheme/index.php on line 16
[11-Dec-2018 08:45:06 UTC] PHP Fatal error:  Call to undefined function get_header() in /home/admin/web/cheapfirstclass.com/public_html/wp-content/themes/cheapfirstclasstheme/index.php on line 16
[12-Dec-2018 08:51:24 UTC] PHP Fatal error:  Call to undefined function get_header() in /home/admin/web/cheapfirstclass.com/public_html/wp-content/themes/cheapfirstclasstheme/index.php on line 16
[13-Dec-2018 08:44:04 UTC] PHP Fatal error:  Call to undefined function get_header() in /home/admin/web/cheapfirstclass.com/public_html/wp-content/themes/cheapfirstclasstheme/index.php on line 16
[14-Dec-2018 08:45:34 UTC] PHP Fatal error:  Call to undefined function get_header() in /home/admin/web/cheapfirstclass.com/public_html/wp-content/themes/cheapfirstclasstheme/index.php on line 16
[15-Dec-2018 08:44:09 UTC] PHP Fatal error:  Call to undefined function get_header() in /home/admin/web/cheapfirstclass.com/public_html/wp-content/themes/cheapfirstclasstheme/index.php on line 16
[16-Dec-2018 08:50:17 UTC] PHP Fatal error:  Call to undefined function get_header() in /home/admin/web/cheapfirstclass.com/public_html/wp-content/themes/cheapfirstclasstheme/index.php on line 16
[17-Dec-2018 08:31:49 UTC] PHP Fatal error:  Call to undefined function get_header() in /home/admin/web/cheapfirstclass.com/public_html/wp-content/themes/cheapfirstclasstheme/index.php on line 16
[18-Dec-2018 08:46:16 UTC] PHP Fatal error:  Call to undefined function get_header() in /home/admin/web/cheapfirstclass.com/public_html/wp-content/themes/cheapfirstclasstheme/index.php on line 16
[19-Dec-2018 08:24:16 UTC] PHP Fatal error:  Call to undefined function get_header() in /home/admin/web/cheapfirstclass.com/public_html/wp-content/themes/cheapfirstclasstheme/index.php on line 16
[20-Dec-2018 08:38:21 UTC] PHP Fatal error:  Call to undefined function get_header() in /home/admin/web/cheapfirstclass.com/public_html/wp-content/themes/cheapfirstclasstheme/index.php on line 16
[21-Dec-2018 07:10:53 UTC] PHP Fatal error:  Call to undefined function get_header() in /home/admin/web/cheapfirstclass.com/public_html/wp-content/themes/cheapfirstclasstheme/index.php on line 16
[22-Dec-2018 07:13:06 UTC] PHP Fatal error:  Call to undefined function get_header() in /home/admin/web/cheapfirstclass.com/public_html/wp-content/themes/cheapfirstclasstheme/index.php on line 16
[23-Dec-2018 07:07:38 UTC] PHP Fatal error:  Call to undefined function get_header() in /home/admin/web/cheapfirstclass.com/public_html/wp-content/themes/cheapfirstclasstheme/index.php on line 16
[24-Dec-2018 07:15:40 UTC] PHP Fatal error:  Call to undefined function get_header() in /home/admin/web/cheapfirstclass.com/public_html/wp-content/themes/cheapfirstclasstheme/index.php on line 16
[25-Dec-2018 07:12:49 UTC] PHP Fatal error:  Call to undefined function get_header() in /home/admin/web/cheapfirstclass.com/public_html/wp-content/themes/cheapfirstclasstheme/index.php on line 16
[26-Dec-2018 07:16:58 UTC] PHP Fatal error:  Call to undefined function get_header() in /home/admin/web/cheapfirstclass.com/public_html/wp-content/themes/cheapfirstclasstheme/index.php on line 16
[27-Dec-2018 07:10:34 UTC] PHP Fatal error:  Call to undefined function get_header() in /home/admin/web/cheapfirstclass.com/public_html/wp-content/themes/cheapfirstclasstheme/index.php on line 16
[28-Dec-2018 07:13:32 UTC] PHP Fatal error:  Call to undefined function get_header() in /home/admin/web/cheapfirstclass.com/public_html/wp-content/themes/cheapfirstclasstheme/index.php on line 16
[29-Dec-2018 07:09:22 UTC] PHP Fatal error:  Call to undefined function get_header() in /home/admin/web/cheapfirstclass.com/public_html/wp-content/themes/cheapfirstclasstheme/index.php on line 16
[30-Dec-2018 07:13:02 UTC] PHP Fatal error:  Call to undefined function get_header() in /home/admin/web/cheapfirstclass.com/public_html/wp-content/themes/cheapfirstclasstheme/index.php on line 16
[31-Dec-2018 07:24:26 UTC] PHP Fatal error:  Call to undefined function get_header() in /home/admin/web/cheapfirstclass.com/public_html/wp-content/themes/cheapfirstclasstheme/index.php on line 16
[01-Jan-2019 07:27:46 UTC] PHP Fatal error:  Call to undefined function get_header() in /home/admin/web/cheapfirstclass.com/public_html/wp-content/themes/cheapfirstclasstheme/index.php on line 16
[02-Jan-2019 07:38:59 UTC] PHP Fatal error:  Call to undefined function get_header() in /home/admin/web/cheapfirstclass.com/public_html/wp-content/themes/cheapfirstclasstheme/index.php on line 16
[03-Jan-2019 08:15:15 UTC] PHP Fatal error:  Call to undefined function get_header() in /home/admin/web/cheapfirstclass.com/public_html/wp-content/themes/cheapfirstclasstheme/index.php on line 16
[04-Jan-2019 08:16:36 UTC] PHP Fatal error:  Call to undefined function get_header() in /home/admin/web/cheapfirstclass.com/public_html/wp-content/themes/cheapfirstclasstheme/index.php on line 16
[05-Jan-2019 07:31:55 UTC] PHP Fatal error:  Call to undefined function get_header() in /home/admin/web/cheapfirstclass.com/public_html/wp-content/themes/cheapfirstclasstheme/index.php on line 16
[06-Jan-2019 07:40:16 UTC] PHP Fatal error:  Call to undefined function get_header() in /home/admin/web/cheapfirstclass.com/public_html/wp-content/themes/cheapfirstclasstheme/index.php on line 16
[07-Jan-2019 07:06:46 UTC] PHP Fatal error:  Call to undefined function get_header() in /home/admin/web/cheapfirstclass.com/public_html/wp-content/themes/cheapfirstclasstheme/index.php on line 16
[08-Jan-2019 07:15:02 UTC] PHP Fatal error:  Call to undefined function get_header() in /home/admin/web/cheapfirstclass.com/public_html/wp-content/themes/cheapfirstclasstheme/index.php on line 16
[09-Jan-2019 07:47:51 UTC] PHP Fatal error:  Call to undefined function get_header() in /home/admin/web/cheapfirstclass.com/public_html/wp-content/themes/cheapfirstclasstheme/index.php on line 16
[10-Jan-2019 08:07:22 UTC] PHP Fatal error:  Call to undefined function get_header() in /home/admin/web/cheapfirstclass.com/public_html/wp-content/themes/cheapfirstclasstheme/index.php on line 16
[11-Jan-2019 08:05:25 UTC] PHP Fatal error:  Call to undefined function get_header() in /home/admin/web/cheapfirstclass.com/public_html/wp-content/themes/cheapfirstclasstheme/index.php on line 16
[12-Jan-2019 08:14:47 UTC] PHP Fatal error:  Call to undefined function get_header() in /home/admin/web/cheapfirstclass.com/public_html/wp-content/themes/cheapfirstclasstheme/index.php on line 16
[13-Jan-2019 08:14:05 UTC] PHP Fatal error:  Call to undefined function get_header() in /home/admin/web/cheapfirstclass.com/public_html/wp-content/themes/cheapfirstclasstheme/index.php on line 16
[14-Jan-2019 08:19:58 UTC] PHP Fatal error:  Call to undefined function get_header() in /home/admin/web/cheapfirstclass.com/public_html/wp-content/themes/cheapfirstclasstheme/index.php on line 16
[15-Jan-2019 08:08:32 UTC] PHP Fatal error:  Call to undefined function get_header() in /home/admin/web/cheapfirstclass.com/public_html/wp-content/themes/cheapfirstclasstheme/index.php on line 16
[16-Jan-2019 08:14:59 UTC] PHP Fatal error:  Call to undefined function get_header() in /home/admin/web/cheapfirstclass.com/public_html/wp-content/themes/cheapfirstclasstheme/index.php on line 16
[17-Jan-2019 08:05:53 UTC] PHP Fatal error:  Call to undefined function get_header() in /home/admin/web/cheapfirstclass.com/public_html/wp-content/themes/cheapfirstclasstheme/index.php on line 16
[18-Jan-2019 08:10:51 UTC] PHP Fatal error:  Call to undefined function get_header() in /home/admin/web/cheapfirstclass.com/public_html/wp-content/themes/cheapfirstclasstheme/index.php on line 16
[19-Jan-2019 07:50:41 UTC] PHP Fatal error:  Call to undefined function get_header() in /home/admin/web/cheapfirstclass.com/public_html/wp-content/themes/cheapfirstclasstheme/index.php on line 16
[20-Jan-2019 08:12:41 UTC] PHP Fatal error:  Call to undefined function get_header() in /home/admin/web/cheapfirstclass.com/public_html/wp-content/themes/cheapfirstclasstheme/index.php on line 16
[21-Jan-2019 08:00:04 UTC] PHP Fatal error:  Call to undefined function get_header() in /home/admin/web/cheapfirstclass.com/public_html/wp-content/themes/cheapfirstclasstheme/index.php on line 16
[22-Jan-2019 08:22:32 UTC] PHP Fatal error:  Call to undefined function get_header() in /home/admin/web/cheapfirstclass.com/public_html/wp-content/themes/cheapfirstclasstheme/index.php on line 16
[23-Jan-2019 08:18:36 UTC] PHP Fatal error:  Call to undefined function get_header() in /home/admin/web/cheapfirstclass.com/public_html/wp-content/themes/cheapfirstclasstheme/index.php on line 16
[24-Jan-2019 08:21:52 UTC] PHP Fatal error:  Call to undefined function get_header() in /home/admin/web/cheapfirstclass.com/public_html/wp-content/themes/cheapfirstclasstheme/index.php on line 16
[25-Jan-2019 08:03:01 UTC] PHP Fatal error:  Call to undefined function get_header() in /home/admin/web/cheapfirstclass.com/public_html/wp-content/themes/cheapfirstclasstheme/index.php on line 16
[26-Jan-2019 08:09:07 UTC] PHP Fatal error:  Call to undefined function get_header() in /home/admin/web/cheapfirstclass.com/public_html/wp-content/themes/cheapfirstclasstheme/index.php on line 16
[27-Jan-2019 08:03:54 UTC] PHP Fatal error:  Call to undefined function get_header() in /home/admin/web/cheapfirstclass.com/public_html/wp-content/themes/cheapfirstclasstheme/index.php on line 16
[28-Jan-2019 08:06:57 UTC] PHP Fatal error:  Call to undefined function get_header() in /home/admin/web/cheapfirstclass.com/public_html/wp-content/themes/cheapfirstclasstheme/index.php on line 16
[29-Jan-2019 08:01:20 UTC] PHP Fatal error:  Call to undefined function get_header() in /home/admin/web/cheapfirstclass.com/public_html/wp-content/themes/cheapfirstclasstheme/index.php on line 16
[30-Jan-2019 08:05:16 UTC] PHP Fatal error:  Call to undefined function get_header() in /home/admin/web/cheapfirstclass.com/public_html/wp-content/themes/cheapfirstclasstheme/index.php on line 16
[31-Jan-2019 07:56:14 UTC] PHP Fatal error:  Call to undefined function get_header() in /home/admin/web/cheapfirstclass.com/public_html/wp-content/themes/cheapfirstclasstheme/index.php on line 16
[01-Feb-2019 08:09:22 UTC] PHP Fatal error:  Call to undefined function get_header() in /home/admin/web/cheapfirstclass.com/public_html/wp-content/themes/cheapfirstclasstheme/index.php on line 16
[02-Feb-2019 08:16:18 UTC] PHP Fatal error:  Call to undefined function get_header() in /home/admin/web/cheapfirstclass.com/public_html/wp-content/themes/cheapfirstclasstheme/index.php on line 16
[03-Feb-2019 07:58:40 UTC] PHP Fatal error:  Call to undefined function get_header() in /home/admin/web/cheapfirstclass.com/public_html/wp-content/themes/cheapfirstclasstheme/index.php on line 16
[04-Feb-2019 08:04:47 UTC] PHP Fatal error:  Call to undefined function get_header() in /home/admin/web/cheapfirstclass.com/public_html/wp-content/themes/cheapfirstclasstheme/index.php on line 16
[05-Feb-2019 07:49:52 UTC] PHP Fatal error:  Call to undefined function get_header() in /home/admin/web/cheapfirstclass.com/public_html/wp-content/themes/cheapfirstclasstheme/index.php on line 16
[06-Feb-2019 08:07:07 UTC] PHP Fatal error:  Call to undefined function get_header() in /home/admin/web/cheapfirstclass.com/public_html/wp-content/themes/cheapfirstclasstheme/index.php on line 16
[07-Feb-2019 07:56:17 UTC] PHP Fatal error:  Call to undefined function get_header() in /home/admin/web/cheapfirstclass.com/public_html/wp-content/themes/cheapfirstclasstheme/index.php on line 16
[08-Feb-2019 08:00:55 UTC] PHP Fatal error:  Call to undefined function get_header() in /home/admin/web/cheapfirstclass.com/public_html/wp-content/themes/cheapfirstclasstheme/index.php on line 16
[09-Feb-2019 07:51:37 UTC] PHP Fatal error:  Call to undefined function get_header() in /home/admin/web/cheapfirstclass.com/public_html/wp-content/themes/cheapfirstclasstheme/index.php on line 16
[10-Feb-2019 07:57:14 UTC] PHP Fatal error:  Call to undefined function get_header() in /home/admin/web/cheapfirstclass.com/public_html/wp-content/themes/cheapfirstclasstheme/index.php on line 16
[11-Feb-2019 08:09:37 UTC] PHP Fatal error:  Call to undefined function get_header() in /home/admin/web/cheapfirstclass.com/public_html/wp-content/themes/cheapfirstclasstheme/index.php on line 16
[12-Feb-2019 08:12:58 UTC] PHP Fatal error:  Call to undefined function get_header() in /home/admin/web/cheapfirstclass.com/public_html/wp-content/themes/cheapfirstclasstheme/index.php on line 16
[13-Feb-2019 07:28:49 UTC] PHP Fatal error:  Call to undefined function get_header() in /home/admin/web/cheapfirstclass.com/public_html/wp-content/themes/cheapfirstclasstheme/index.php on line 16
[14-Feb-2019 07:46:20 UTC] PHP Fatal error:  Call to undefined function get_header() in /home/admin/web/cheapfirstclass.com/public_html/wp-content/themes/cheapfirstclasstheme/index.php on line 16
[15-Feb-2019 07:40:12 UTC] PHP Fatal error:  Call to undefined function get_header() in /home/admin/web/cheapfirstclass.com/public_html/wp-content/themes/cheapfirstclasstheme/index.php on line 16
[16-Feb-2019 07:50:39 UTC] PHP Fatal error:  Call to undefined function get_header() in /home/admin/web/cheapfirstclass.com/public_html/wp-content/themes/cheapfirstclasstheme/index.php on line 16
[17-Feb-2019 07:35:23 UTC] PHP Fatal error:  Call to undefined function get_header() in /home/admin/web/cheapfirstclass.com/public_html/wp-content/themes/cheapfirstclasstheme/index.php on line 16
[18-Feb-2019 07:43:55 UTC] PHP Fatal error:  Call to undefined function get_header() in /home/admin/web/cheapfirstclass.com/public_html/wp-content/themes/cheapfirstclasstheme/index.php on line 16
[19-Feb-2019 07:40:47 UTC] PHP Fatal error:  Call to undefined function get_header() in /home/admin/web/cheapfirstclass.com/public_html/wp-content/themes/cheapfirstclasstheme/index.php on line 16
[20-Feb-2019 07:44:53 UTC] PHP Fatal error:  Call to undefined function get_header() in /home/admin/web/cheapfirstclass.com/public_html/wp-content/themes/cheapfirstclasstheme/index.php on line 16
[21-Feb-2019 07:42:07 UTC] PHP Fatal error:  Call to undefined function get_header() in /home/admin/web/cheapfirstclass.com/public_html/wp-content/themes/cheapfirstclasstheme/index.php on line 16
[22-Feb-2019 07:45:14 UTC] PHP Fatal error:  Call to undefined function get_header() in /home/admin/web/cheapfirstclass.com/public_html/wp-content/themes/cheapfirstclasstheme/index.php on line 16
[23-Feb-2019 07:38:45 UTC] PHP Fatal error:  Call to undefined function get_header() in /home/admin/web/cheapfirstclass.com/public_html/wp-content/themes/cheapfirstclasstheme/index.php on line 16
[24-Feb-2019 07:42:50 UTC] PHP Fatal error:  Call to undefined function get_header() in /home/admin/web/cheapfirstclass.com/public_html/wp-content/themes/cheapfirstclasstheme/index.php on line 16
[25-Feb-2019 07:22:41 UTC] PHP Fatal error:  Call to undefined function get_header() in /home/admin/web/cheapfirstclass.com/public_html/wp-content/themes/cheapfirstclasstheme/index.php on line 16
[26-Feb-2019 07:40:19 UTC] PHP Fatal error:  Call to undefined function get_header() in /home/admin/web/cheapfirstclass.com/public_html/wp-content/themes/cheapfirstclasstheme/index.php on line 16
[27-Feb-2019 07:33:35 UTC] PHP Fatal error:  Call to undefined function get_header() in /home/admin/web/cheapfirstclass.com/public_html/wp-content/themes/cheapfirstclasstheme/index.php on line 16
[28-Feb-2019 07:50:30 UTC] PHP Fatal error:  Call to undefined function get_header() in /home/admin/web/cheapfirstclass.com/public_html/wp-content/themes/cheapfirstclasstheme/index.php on line 16
[01-Mar-2019 07:07:46 UTC] PHP Fatal error:  Call to undefined function get_header() in /home/admin/web/cheapfirstclass.com/public_html/wp-content/themes/cheapfirstclasstheme/index.php on line 16
[02-Mar-2019 07:19:28 UTC] PHP Fatal error:  Call to undefined function get_header() in /home/admin/web/cheapfirstclass.com/public_html/wp-content/themes/cheapfirstclasstheme/index.php on line 16
[03-Mar-2019 07:11:03 UTC] PHP Fatal error:  Call to undefined function get_header() in /home/admin/web/cheapfirstclass.com/public_html/wp-content/themes/cheapfirstclasstheme/index.php on line 16
[04-Mar-2019 07:18:06 UTC] PHP Fatal error:  Call to undefined function get_header() in /home/admin/web/cheapfirstclass.com/public_html/wp-content/themes/cheapfirstclasstheme/index.php on line 16
[05-Mar-2019 07:08:03 UTC] PHP Fatal error:  Call to undefined function get_header() in /home/admin/web/cheapfirstclass.com/public_html/wp-content/themes/cheapfirstclasstheme/index.php on line 16
[06-Mar-2019 07:17:33 UTC] PHP Fatal error:  Call to undefined function get_header() in /home/admin/web/cheapfirstclass.com/public_html/wp-content/themes/cheapfirstclasstheme/index.php on line 16
[07-Mar-2019 07:04:14 UTC] PHP Fatal error:  Call to undefined function get_header() in /home/admin/web/cheapfirstclass.com/public_html/wp-content/themes/cheapfirstclasstheme/index.php on line 16
[08-Mar-2019 07:10:55 UTC] PHP Fatal error:  Call to undefined function get_header() in /home/admin/web/cheapfirstclass.com/public_html/wp-content/themes/cheapfirstclasstheme/index.php on line 16
[09-Mar-2019 07:12:34 UTC] PHP Fatal error:  Call to undefined function get_header() in /home/admin/web/cheapfirstclass.com/public_html/wp-content/themes/cheapfirstclasstheme/index.php on line 16
[10-Mar-2019 07:18:03 UTC] PHP Fatal error:  Call to undefined function get_header() in /home/admin/web/cheapfirstclass.com/public_html/wp-content/themes/cheapfirstclasstheme/index.php on line 16
[11-Mar-2019 06:14:38 UTC] PHP Fatal error:  Call to undefined function get_header() in /home/admin/web/cheapfirstclass.com/public_html/wp-content/themes/cheapfirstclasstheme/index.php on line 16
[12-Mar-2019 06:20:54 UTC] PHP Fatal error:  Call to undefined function get_header() in /home/admin/web/cheapfirstclass.com/public_html/wp-content/themes/cheapfirstclasstheme/index.php on line 16
[12-Mar-2019 22:38:11 UTC] PHP Fatal error:  Call to undefined function get_header() in /home/admin/web/cheapfirstclass.com/public_html/wp-content/themes/cheapfirstclasstheme/index.php on line 16
[13-Mar-2019 06:18:44 UTC] PHP Fatal error:  Call to undefined function get_header() in /home/admin/web/cheapfirstclass.com/public_html/wp-content/themes/cheapfirstclasstheme/index.php on line 16
[14-Mar-2019 06:29:04 UTC] PHP Fatal error:  Call to undefined function get_header() in /home/admin/web/cheapfirstclass.com/public_html/wp-content/themes/cheapfirstclasstheme/index.php on line 16
[15-Mar-2019 06:14:38 UTC] PHP Fatal error:  Call to undefined function get_header() in /home/admin/web/cheapfirstclass.com/public_html/wp-content/themes/cheapfirstclasstheme/index.php on line 16
[16-Mar-2019 06:26:55 UTC] PHP Fatal error:  Call to undefined function get_header() in /home/admin/web/cheapfirstclass.com/public_html/wp-content/themes/cheapfirstclasstheme/index.php on line 16
[17-Mar-2019 06:15:32 UTC] PHP Fatal error:  Call to undefined function get_header() in /home/admin/web/cheapfirstclass.com/public_html/wp-content/themes/cheapfirstclasstheme/index.php on line 16
[18-Mar-2019 06:24:30 UTC] PHP Fatal error:  Call to undefined function get_header() in /home/admin/web/cheapfirstclass.com/public_html/wp-content/themes/cheapfirstclasstheme/index.php on line 16
[19-Mar-2019 06:45:17 UTC] PHP Fatal error:  Call to undefined function get_header() in /home/admin/web/cheapfirstclass.com/public_html/wp-content/themes/cheapfirstclasstheme/index.php on line 16
[20-Mar-2019 06:47:55 UTC] PHP Fatal error:  Call to undefined function get_header() in /home/admin/web/cheapfirstclass.com/public_html/wp-content/themes/cheapfirstclasstheme/index.php on line 16
[21-Mar-2019 06:03:30 UTC] PHP Fatal error:  Call to undefined function get_header() in /home/admin/web/cheapfirstclass.com/public_html/wp-content/themes/cheapfirstclasstheme/index.php on line 16
[22-Mar-2019 06:22:17 UTC] PHP Fatal error:  Call to undefined function get_header() in /home/admin/web/cheapfirstclass.com/public_html/wp-content/themes/cheapfirstclasstheme/index.php on line 16
[23-Mar-2019 06:10:51 UTC] PHP Fatal error:  Call to undefined function get_header() in /home/admin/web/cheapfirstclass.com/public_html/wp-content/themes/cheapfirstclasstheme/index.php on line 16
[24-Mar-2019 06:24:04 UTC] PHP Fatal error:  Call to undefined function get_header() in /home/admin/web/cheapfirstclass.com/public_html/wp-content/themes/cheapfirstclasstheme/index.php on line 16
[25-Mar-2019 06:18:02 UTC] PHP Fatal error:  Call to undefined function get_header() in /home/admin/web/cheapfirstclass.com/public_html/wp-content/themes/cheapfirstclasstheme/index.php on line 16
[26-Mar-2019 06:24:19 UTC] PHP Fatal error:  Call to undefined function get_header() in /home/admin/web/cheapfirstclass.com/public_html/wp-content/themes/cheapfirstclasstheme/index.php on line 16
[27-Mar-2019 06:11:52 UTC] PHP Fatal error:  Call to undefined function get_header() in /home/admin/web/cheapfirstclass.com/public_html/wp-content/themes/cheapfirstclasstheme/index.php on line 16
[28-Mar-2019 06:22:37 UTC] PHP Fatal error:  Call to undefined function get_header() in /home/admin/web/cheapfirstclass.com/public_html/wp-content/themes/cheapfirstclasstheme/index.php on line 16
[29-Mar-2019 06:18:54 UTC] PHP Fatal error:  Call to undefined function get_header() in /home/admin/web/cheapfirstclass.com/public_html/wp-content/themes/cheapfirstclasstheme/index.php on line 16
[30-Mar-2019 06:26:01 UTC] PHP Fatal error:  Call to undefined function get_header() in /home/admin/web/cheapfirstclass.com/public_html/wp-content/themes/cheapfirstclasstheme/index.php on line 16
[31-Mar-2019 06:12:13 UTC] PHP Fatal error:  Call to undefined function get_header() in /home/admin/web/cheapfirstclass.com/public_html/wp-content/themes/cheapfirstclasstheme/index.php on line 16
[01-Apr-2019 06:16:07 UTC] PHP Fatal error:  Call to undefined function get_header() in /home/admin/web/cheapfirstclass.com/public_html/wp-content/themes/cheapfirstclasstheme/index.php on line 16
[02-Apr-2019 06:24:47 UTC] PHP Fatal error:  Call to undefined function get_header() in /home/admin/web/cheapfirstclass.com/public_html/wp-content/themes/cheapfirstclasstheme/index.php on line 16
[03-Apr-2019 06:08:07 UTC] PHP Fatal error:  Call to undefined function get_header() in /home/admin/web/cheapfirstclass.com/public_html/wp-content/themes/cheapfirstclasstheme/index.php on line 16
[04-Apr-2019 06:09:33 UTC] PHP Fatal error:  Call to undefined function get_header() in /home/admin/web/cheapfirstclass.com/public_html/wp-content/themes/cheapfirstclasstheme/index.php on line 16
[05-Apr-2019 06:11:47 UTC] PHP Fatal error:  Call to undefined function get_header() in /home/admin/web/cheapfirstclass.com/public_html/wp-content/themes/cheapfirstclasstheme/index.php on line 16
[06-Apr-2019 06:24:30 UTC] PHP Fatal error:  Call to undefined function get_header() in /home/admin/web/cheapfirstclass.com/public_html/wp-content/themes/cheapfirstclasstheme/index.php on line 16
[07-Apr-2019 06:07:37 UTC] PHP Fatal error:  Call to undefined function get_header() in /home/admin/web/cheapfirstclass.com/public_html/wp-content/themes/cheapfirstclasstheme/index.php on line 16
[08-Apr-2019 06:12:59 UTC] PHP Fatal error:  Call to undefined function get_header() in /home/admin/web/cheapfirstclass.com/public_html/wp-content/themes/cheapfirstclasstheme/index.php on line 16
[09-Apr-2019 05:50:04 UTC] PHP Fatal error:  Call to undefined function get_header() in /home/admin/web/cheapfirstclass.com/public_html/wp-content/themes/cheapfirstclasstheme/index.php on line 16
[10-Apr-2019 05:58:44 UTC] PHP Fatal error:  Call to undefined function get_header() in /home/admin/web/cheapfirstclass.com/public_html/wp-content/themes/cheapfirstclasstheme/index.php on line 16
[11-Apr-2019 05:52:18 UTC] PHP Fatal error:  Call to undefined function get_header() in /home/admin/web/cheapfirstclass.com/public_html/wp-content/themes/cheapfirstclasstheme/index.php on line 16
[12-Apr-2019 06:01:29 UTC] PHP Fatal error:  Call to undefined function get_header() in /home/admin/web/cheapfirstclass.com/public_html/wp-content/themes/cheapfirstclasstheme/index.php on line 16
[13-Apr-2019 05:50:13 UTC] PHP Fatal error:  Call to undefined function get_header() in /home/admin/web/cheapfirstclass.com/public_html/wp-content/themes/cheapfirstclasstheme/index.php on line 16
[14-Apr-2019 05:57:27 UTC] PHP Fatal error:  Call to undefined function get_header() in /home/admin/web/cheapfirstclass.com/public_html/wp-content/themes/cheapfirstclasstheme/index.php on line 16
[15-Apr-2019 05:49:43 UTC] PHP Fatal error:  Call to undefined function get_header() in /home/admin/web/cheapfirstclass.com/public_html/wp-content/themes/cheapfirstclasstheme/index.php on line 16
[16-Apr-2019 06:01:47 UTC] PHP Fatal error:  Call to undefined function get_header() in /home/admin/web/cheapfirstclass.com/public_html/wp-content/themes/cheapfirstclasstheme/index.php on line 16
[17-Apr-2019 05:55:17 UTC] PHP Fatal error:  Call to undefined function get_header() in /home/admin/web/cheapfirstclass.com/public_html/wp-content/themes/cheapfirstclasstheme/index.php on line 16
[18-Apr-2019 06:23:50 UTC] PHP Fatal error:  Call to undefined function get_header() in /home/admin/web/cheapfirstclass.com/public_html/wp-content/themes/cheapfirstclasstheme/index.php on line 16
[19-Apr-2019 06:12:37 UTC] PHP Fatal error:  Call to undefined function get_header() in /home/admin/web/cheapfirstclass.com/public_html/wp-content/themes/cheapfirstclasstheme/index.php on line 16
[20-Apr-2019 06:25:40 UTC] PHP Fatal error:  Call to undefined function get_header() in /home/admin/web/cheapfirstclass.com/public_html/wp-content/themes/cheapfirstclasstheme/index.php on line 16
[21-Apr-2019 06:21:10 UTC] PHP Fatal error:  Call to undefined function get_header() in /home/admin/web/cheapfirstclass.com/public_html/wp-content/themes/cheapfirstclasstheme/index.php on line 16
[22-Apr-2019 06:24:44 UTC] PHP Fatal error:  Call to undefined function get_header() in /home/admin/web/cheapfirstclass.com/public_html/wp-content/themes/cheapfirstclasstheme/index.php on line 16
[23-Apr-2019 06:15:41 UTC] PHP Fatal error:  Call to undefined function get_header() in /home/admin/web/cheapfirstclass.com/public_html/wp-content/themes/cheapfirstclasstheme/index.php on line 16
[24-Apr-2019 06:24:19 UTC] PHP Fatal error:  Call to undefined function get_header() in /home/admin/web/cheapfirstclass.com/public_html/wp-content/themes/cheapfirstclasstheme/index.php on line 16
[25-Apr-2019 06:09:17 UTC] PHP Fatal error:  Call to undefined function get_header() in /home/admin/web/cheapfirstclass.com/public_html/wp-content/themes/cheapfirstclasstheme/index.php on line 16
[26-Apr-2019 06:12:47 UTC] PHP Fatal error:  Call to undefined function get_header() in /home/admin/web/cheapfirstclass.com/public_html/wp-content/themes/cheapfirstclasstheme/index.php on line 16
[27-Apr-2019 05:43:06 UTC] PHP Fatal error:  Call to undefined function get_header() in /home/admin/web/cheapfirstclass.com/public_html/wp-content/themes/cheapfirstclasstheme/index.php on line 16
[28-Apr-2019 05:54:07 UTC] PHP Fatal error:  Call to undefined function get_header() in /home/admin/web/cheapfirstclass.com/public_html/wp-content/themes/cheapfirstclasstheme/index.php on line 16
[29-Apr-2019 05:43:36 UTC] PHP Fatal error:  Call to undefined function get_header() in /home/admin/web/cheapfirstclass.com/public_html/wp-content/themes/cheapfirstclasstheme/index.php on line 16
[30-Apr-2019 05:54:50 UTC] PHP Fatal error:  Call to undefined function get_header() in /home/admin/web/cheapfirstclass.com/public_html/wp-content/themes/cheapfirstclasstheme/index.php on line 16
[01-May-2019 05:43:22 UTC] PHP Fatal error:  Call to undefined function get_header() in /home/admin/web/cheapfirstclass.com/public_html/wp-content/themes/cheapfirstclasstheme/index.php on line 16
[02-May-2019 05:46:44 UTC] PHP Fatal error:  Call to undefined function get_header() in /home/admin/web/cheapfirstclass.com/public_html/wp-content/themes/cheapfirstclasstheme/index.php on line 16
[03-May-2019 05:40:35 UTC] PHP Fatal error:  Call to undefined function get_header() in /home/admin/web/cheapfirstclass.com/public_html/wp-content/themes/cheapfirstclasstheme/index.php on line 16
[04-May-2019 05:47:47 UTC] PHP Fatal error:  Call to undefined function get_header() in /home/admin/web/cheapfirstclass.com/public_html/wp-content/themes/cheapfirstclasstheme/index.php on line 16
[05-May-2019 05:46:04 UTC] PHP Fatal error:  Call to undefined function get_header() in /home/admin/web/cheapfirstclass.com/public_html/wp-content/themes/cheapfirstclasstheme/index.php on line 16
[06-May-2019 05:58:18 UTC] PHP Fatal error:  Call to undefined function get_header() in /home/admin/web/cheapfirstclass.com/public_html/wp-content/themes/cheapfirstclasstheme/index.php on line 16
[07-May-2019 06:12:56 UTC] PHP Fatal error:  Call to undefined function get_header() in /home/admin/web/cheapfirstclass.com/public_html/wp-content/themes/cheapfirstclasstheme/index.php on line 16
[08-May-2019 06:21:47 UTC] PHP Fatal error:  Call to undefined function get_header() in /home/admin/web/cheapfirstclass.com/public_html/wp-content/themes/cheapfirstclasstheme/index.php on line 16
[09-May-2019 05:54:27 UTC] PHP Fatal error:  Call to undefined function get_header() in /home/admin/web/cheapfirstclass.com/public_html/wp-content/themes/cheapfirstclasstheme/index.php on line 16
[10-May-2019 06:03:53 UTC] PHP Fatal error:  Call to undefined function get_header() in /home/admin/web/cheapfirstclass.com/public_html/wp-content/themes/cheapfirstclasstheme/index.php on line 16
[10-May-2019 15:14:18 UTC] PHP Fatal error:  Call to undefined function get_header() in /home/admin/web/cheapfirstclass.com/public_html/wp-content/themes/cheapfirstclasstheme/index.php on line 16
[11-May-2019 05:43:38 UTC] PHP Fatal error:  Call to undefined function get_header() in /home/admin/web/cheapfirstclass.com/public_html/wp-content/themes/cheapfirstclasstheme/index.php on line 16
[12-May-2019 05:50:56 UTC] PHP Fatal error:  Call to undefined function get_header() in /home/admin/web/cheapfirstclass.com/public_html/wp-content/themes/cheapfirstclasstheme/index.php on line 16
[13-May-2019 05:41:35 UTC] PHP Fatal error:  Call to undefined function get_header() in /home/admin/web/cheapfirstclass.com/public_html/wp-content/themes/cheapfirstclasstheme/index.php on line 16
[14-May-2019 05:48:18 UTC] PHP Fatal error:  Call to undefined function get_header() in /home/admin/web/cheapfirstclass.com/public_html/wp-content/themes/cheapfirstclasstheme/index.php on line 16
[15-May-2019 05:43:20 UTC] PHP Fatal error:  Call to undefined function get_header() in /home/admin/web/cheapfirstclass.com/public_html/wp-content/themes/cheapfirstclasstheme/index.php on line 16
[16-May-2019 06:23:06 UTC] PHP Fatal error:  Call to undefined function get_header() in /home/admin/web/cheapfirstclass.com/public_html/wp-content/themes/cheapfirstclasstheme/index.php on line 16
[17-May-2019 05:42:00 UTC] PHP Fatal error:  Call to undefined function get_header() in /home/admin/web/cheapfirstclass.com/public_html/wp-content/themes/cheapfirstclasstheme/index.php on line 16
[18-May-2019 05:50:06 UTC] PHP Fatal error:  Call to undefined function get_header() in /home/admin/web/cheapfirstclass.com/public_html/wp-content/themes/cheapfirstclasstheme/index.php on line 16
[19-May-2019 06:07:11 UTC] PHP Fatal error:  Call to undefined function get_header() in /home/admin/web/cheapfirstclass.com/public_html/wp-content/themes/cheapfirstclasstheme/index.php on line 16
[20-May-2019 06:13:56 UTC] PHP Fatal error:  Call to undefined function get_header() in /home/admin/web/cheapfirstclass.com/public_html/wp-content/themes/cheapfirstclasstheme/index.php on line 16
[21-May-2019 06:00:51 UTC] PHP Fatal error:  Call to undefined function get_header() in /home/admin/web/cheapfirstclass.com/public_html/wp-content/themes/cheapfirstclasstheme/index.php on line 16
[22-May-2019 06:02:43 UTC] PHP Fatal error:  Call to undefined function get_header() in /home/admin/web/cheapfirstclass.com/public_html/wp-content/themes/cheapfirstclasstheme/index.php on line 16
[23-May-2019 05:42:17 UTC] PHP Fatal error:  Call to undefined function get_header() in /home/admin/web/cheapfirstclass.com/public_html/wp-content/themes/cheapfirstclasstheme/index.php on line 16
[24-May-2019 05:48:48 UTC] PHP Fatal error:  Call to undefined function get_header() in /home/admin/web/cheapfirstclass.com/public_html/wp-content/themes/cheapfirstclasstheme/index.php on line 16
[25-May-2019 05:37:24 UTC] PHP Fatal error:  Call to undefined function get_header() in /home/admin/web/cheapfirstclass.com/public_html/wp-content/themes/cheapfirstclasstheme/index.php on line 16
[26-May-2019 05:40:52 UTC] PHP Fatal error:  Call to undefined function get_header() in /home/admin/web/cheapfirstclass.com/public_html/wp-content/themes/cheapfirstclasstheme/index.php on line 16
[27-May-2019 05:41:07 UTC] PHP Fatal error:  Call to undefined function get_header() in /home/admin/web/cheapfirstclass.com/public_html/wp-content/themes/cheapfirstclasstheme/index.php on line 16
[28-May-2019 05:56:25 UTC] PHP Fatal error:  Call to undefined function get_header() in /home/admin/web/cheapfirstclass.com/public_html/wp-content/themes/cheapfirstclasstheme/index.php on line 16
[29-May-2019 05:42:48 UTC] PHP Fatal error:  Call to undefined function get_header() in /home/admin/web/cheapfirstclass.com/public_html/wp-content/themes/cheapfirstclasstheme/index.php on line 16
[30-May-2019 05:48:39 UTC] PHP Fatal error:  Call to undefined function get_header() in /home/admin/web/cheapfirstclass.com/public_html/wp-content/themes/cheapfirstclasstheme/index.php on line 16
[31-May-2019 06:12:56 UTC] PHP Fatal error:  Call to undefined function get_header() in /home/admin/web/cheapfirstclass.com/public_html/wp-content/themes/cheapfirstclasstheme/index.php on line 16
[01-Jun-2019 05:41:05 UTC] PHP Fatal error:  Call to undefined function get_header() in /home/admin/web/cheapfirstclass.com/public_html/wp-content/themes/cheapfirstclasstheme/index.php on line 16
[02-Jun-2019 05:47:13 UTC] PHP Fatal error:  Call to undefined function get_header() in /home/admin/web/cheapfirstclass.com/public_html/wp-content/themes/cheapfirstclasstheme/index.php on line 16
[03-Jun-2019 05:51:18 UTC] PHP Fatal error:  Call to undefined function get_header() in /home/admin/web/cheapfirstclass.com/public_html/wp-content/themes/cheapfirstclasstheme/index.php on line 16
[04-Jun-2019 05:55:02 UTC] PHP Fatal error:  Call to undefined function get_header() in /home/admin/web/cheapfirstclass.com/public_html/wp-content/themes/cheapfirstclasstheme/index.php on line 16
[05-Jun-2019 05:39:07 UTC] PHP Fatal error:  Call to undefined function get_header() in /home/admin/web/cheapfirstclass.com/public_html/wp-content/themes/cheapfirstclasstheme/index.php on line 16
[06-Jun-2019 06:12:25 UTC] PHP Fatal error:  Call to undefined function get_header() in /home/admin/web/cheapfirstclass.com/public_html/wp-content/themes/cheapfirstclasstheme/index.php on line 16
[07-Jun-2019 05:54:45 UTC] PHP Fatal error:  Call to undefined function get_header() in /home/admin/web/cheapfirstclass.com/public_html/wp-content/themes/cheapfirstclasstheme/index.php on line 16
[08-Jun-2019 06:01:20 UTC] PHP Fatal error:  Call to undefined function get_header() in /home/admin/web/cheapfirstclass.com/public_html/wp-content/themes/cheapfirstclasstheme/index.php on line 16
[09-Jun-2019 05:37:45 UTC] PHP Fatal error:  Call to undefined function get_header() in /home/admin/web/cheapfirstclass.com/public_html/wp-content/themes/cheapfirstclasstheme/index.php on line 16
[10-Jun-2019 05:49:05 UTC] PHP Fatal error:  Call to undefined function get_header() in /home/admin/web/cheapfirstclass.com/public_html/wp-content/themes/cheapfirstclasstheme/index.php on line 16
[11-Jun-2019 05:44:13 UTC] PHP Fatal error:  Call to undefined function get_header() in /home/admin/web/cheapfirstclass.com/public_html/wp-content/themes/cheapfirstclasstheme/index.php on line 16
[12-Jun-2019 05:49:17 UTC] PHP Fatal error:  Call to undefined function get_header() in /home/admin/web/cheapfirstclass.com/public_html/wp-content/themes/cheapfirstclasstheme/index.php on line 16
[13-Jun-2019 05:41:54 UTC] PHP Fatal error:  Call to undefined function get_header() in /home/admin/web/cheapfirstclass.com/public_html/wp-content/themes/cheapfirstclasstheme/index.php on line 16
[14-Jun-2019 05:47:31 UTC] PHP Fatal error:  Call to undefined function get_header() in /home/admin/web/cheapfirstclass.com/public_html/wp-content/themes/cheapfirstclasstheme/index.php on line 16
[15-Jun-2019 05:35:46 UTC] PHP Fatal error:  Call to undefined function get_header() in /home/admin/web/cheapfirstclass.com/public_html/wp-content/themes/cheapfirstclasstheme/index.php on line 16
[16-Jun-2019 05:39:02 UTC] PHP Fatal error:  Call to undefined function get_header() in /home/admin/web/cheapfirstclass.com/public_html/wp-content/themes/cheapfirstclasstheme/index.php on line 16
[17-Jun-2019 05:35:22 UTC] PHP Fatal error:  Call to undefined function get_header() in /home/admin/web/cheapfirstclass.com/public_html/wp-content/themes/cheapfirstclasstheme/index.php on line 16
[18-Jun-2019 05:42:07 UTC] PHP Fatal error:  Call to undefined function get_header() in /home/admin/web/cheapfirstclass.com/public_html/wp-content/themes/cheapfirstclasstheme/index.php on line 16
[19-Jun-2019 05:37:09 UTC] PHP Fatal error:  Call to undefined function get_header() in /home/admin/web/cheapfirstclass.com/public_html/wp-content/themes/cheapfirstclasstheme/index.php on line 16
[20-Jun-2019 05:42:00 UTC] PHP Fatal error:  Call to undefined function get_header() in /home/admin/web/cheapfirstclass.com/public_html/wp-content/themes/cheapfirstclasstheme/index.php on line 16
[21-Jun-2019 06:05:01 UTC] PHP Fatal error:  Call to undefined function get_header() in /home/admin/web/cheapfirstclass.com/public_html/wp-content/themes/cheapfirstclasstheme/index.php on line 16
[22-Jun-2019 06:18:12 UTC] PHP Fatal error:  Call to undefined function get_header() in /home/admin/web/cheapfirstclass.com/public_html/wp-content/themes/cheapfirstclasstheme/index.php on line 16
[23-Jun-2019 05:42:57 UTC] PHP Fatal error:  Call to undefined function get_header() in /home/admin/web/cheapfirstclass.com/public_html/wp-content/themes/cheapfirstclasstheme/index.php on line 16
[24-Jun-2019 05:56:00 UTC] PHP Fatal error:  Call to undefined function get_header() in /home/admin/web/cheapfirstclass.com/public_html/wp-content/themes/cheapfirstclasstheme/index.php on line 16
[25-Jun-2019 05:38:25 UTC] PHP Fatal error:  Call to undefined function get_header() in /home/admin/web/cheapfirstclass.com/public_html/wp-content/themes/cheapfirstclasstheme/index.php on line 16
[26-Jun-2019 05:53:17 UTC] PHP Fatal error:  Call to undefined function get_header() in /home/admin/web/cheapfirstclass.com/public_html/wp-content/themes/cheapfirstclasstheme/index.php on line 16
[27-Jun-2019 05:36:02 UTC] PHP Fatal error:  Call to undefined function get_header() in /home/admin/web/cheapfirstclass.com/public_html/wp-content/themes/cheapfirstclasstheme/index.php on line 16
[28-Jun-2019 06:04:34 UTC] PHP Fatal error:  Call to undefined function get_header() in /home/admin/web/cheapfirstclass.com/public_html/wp-content/themes/cheapfirstclasstheme/index.php on line 16
[29-Jun-2019 05:56:01 UTC] PHP Fatal error:  Call to undefined function get_header() in /home/admin/web/cheapfirstclass.com/public_html/wp-content/themes/cheapfirstclasstheme/index.php on line 16
[30-Jun-2019 06:02:34 UTC] PHP Fatal error:  Call to undefined function get_header() in /home/admin/web/cheapfirstclass.com/public_html/wp-content/themes/cheapfirstclasstheme/index.php on line 16
[01-Jul-2019 05:53:46 UTC] PHP Fatal error:  Call to undefined function get_header() in /home/admin/web/cheapfirstclass.com/public_html/wp-content/themes/cheapfirstclasstheme/index.php on line 16
[02-Jul-2019 05:59:15 UTC] PHP Fatal error:  Call to undefined function get_header() in /home/admin/web/cheapfirstclass.com/public_html/wp-content/themes/cheapfirstclasstheme/index.php on line 16
[03-Jul-2019 05:54:03 UTC] PHP Fatal error:  Call to undefined function get_header() in /home/admin/web/cheapfirstclass.com/public_html/wp-content/themes/cheapfirstclasstheme/index.php on line 16
[04-Jul-2019 06:02:23 UTC] PHP Fatal error:  Call to undefined function get_header() in /home/admin/web/cheapfirstclass.com/public_html/wp-content/themes/cheapfirstclasstheme/index.php on line 16
[05-Jul-2019 05:51:07 UTC] PHP Fatal error:  Call to undefined function get_header() in /home/admin/web/cheapfirstclass.com/public_html/wp-content/themes/cheapfirstclasstheme/index.php on line 16
[06-Jul-2019 06:02:05 UTC] PHP Fatal error:  Call to undefined function get_header() in /home/admin/web/cheapfirstclass.com/public_html/wp-content/themes/cheapfirstclasstheme/index.php on line 16
[07-Jul-2019 05:42:59 UTC] PHP Fatal error:  Call to undefined function get_header() in /home/admin/web/cheapfirstclass.com/public_html/wp-content/themes/cheapfirstclasstheme/index.php on line 16
[08-Jul-2019 05:53:19 UTC] PHP Fatal error:  Call to undefined function get_header() in /home/admin/web/cheapfirstclass.com/public_html/wp-content/themes/cheapfirstclasstheme/index.php on line 16
[09-Jul-2019 05:36:36 UTC] PHP Fatal error:  Call to undefined function get_header() in /home/admin/web/cheapfirstclass.com/public_html/wp-content/themes/cheapfirstclasstheme/index.php on line 16
[10-Jul-2019 06:03:07 UTC] PHP Fatal error:  Call to undefined function get_header() in /home/admin/web/cheapfirstclass.com/public_html/wp-content/themes/cheapfirstclasstheme/index.php on line 16
[11-Jul-2019 05:47:21 UTC] PHP Fatal error:  Call to undefined function get_header() in /home/admin/web/cheapfirstclass.com/public_html/wp-content/themes/cheapfirstclasstheme/index.php on line 16
[12-Jul-2019 05:49:31 UTC] PHP Fatal error:  Call to undefined function get_header() in /home/admin/web/cheapfirstclass.com/public_html/wp-content/themes/cheapfirstclasstheme/index.php on line 16
[13-Jul-2019 05:40:27 UTC] PHP Fatal error:  Call to undefined function get_header() in /home/admin/web/cheapfirstclass.com/public_html/wp-content/themes/cheapfirstclasstheme/index.php on line 16
[14-Jul-2019 05:55:01 UTC] PHP Fatal error:  Call to undefined function get_header() in /home/admin/web/cheapfirstclass.com/public_html/wp-content/themes/cheapfirstclasstheme/index.php on line 16
[15-Jul-2019 05:40:34 UTC] PHP Fatal error:  Call to undefined function get_header() in /home/admin/web/cheapfirstclass.com/public_html/wp-content/themes/cheapfirstclasstheme/index.php on line 16
[16-Jul-2019 05:50:57 UTC] PHP Fatal error:  Call to undefined function get_header() in /home/admin/web/cheapfirstclass.com/public_html/wp-content/themes/cheapfirstclasstheme/index.php on line 16
[17-Jul-2019 05:38:48 UTC] PHP Fatal error:  Call to undefined function get_header() in /home/admin/web/cheapfirstclass.com/public_html/wp-content/themes/cheapfirstclasstheme/index.php on line 16
[18-Jul-2019 05:50:08 UTC] PHP Fatal error:  Call to undefined function get_header() in /home/admin/web/cheapfirstclass.com/public_html/wp-content/themes/cheapfirstclasstheme/index.php on line 16
[19-Jul-2019 05:54:22 UTC] PHP Fatal error:  Call to undefined function get_header() in /home/admin/web/cheapfirstclass.com/public_html/wp-content/themes/cheapfirstclasstheme/index.php on line 16
[20-Jul-2019 06:05:25 UTC] PHP Fatal error:  Call to undefined function get_header() in /home/admin/web/cheapfirstclass.com/public_html/wp-content/themes/cheapfirstclasstheme/index.php on line 16
[21-Jul-2019 05:38:26 UTC] PHP Fatal error:  Call to undefined function get_header() in /home/admin/web/cheapfirstclass.com/public_html/wp-content/themes/cheapfirstclasstheme/index.php on line 16
[22-Jul-2019 05:56:52 UTC] PHP Fatal error:  Call to undefined function get_header() in /home/admin/web/cheapfirstclass.com/public_html/wp-content/themes/cheapfirstclasstheme/index.php on line 16
[23-Jul-2019 05:39:06 UTC] PHP Fatal error:  Call to undefined function get_header() in /home/admin/web/cheapfirstclass.com/public_html/wp-content/themes/cheapfirstclasstheme/index.php on line 16
[24-Jul-2019 05:56:04 UTC] PHP Fatal error:  Call to undefined function get_header() in /home/admin/web/cheapfirstclass.com/public_html/wp-content/themes/cheapfirstclasstheme/index.php on line 16
[25-Jul-2019 05:59:23 UTC] PHP Fatal error:  Call to undefined function get_header() in /home/admin/web/cheapfirstclass.com/public_html/wp-content/themes/cheapfirstclasstheme/index.php on line 16
[26-Jul-2019 06:04:53 UTC] PHP Fatal error:  Call to undefined function get_header() in /home/admin/web/cheapfirstclass.com/public_html/wp-content/themes/cheapfirstclasstheme/index.php on line 16
[27-Jul-2019 05:39:13 UTC] PHP Fatal error:  Call to undefined function get_header() in /home/admin/web/cheapfirstclass.com/public_html/wp-content/themes/cheapfirstclasstheme/index.php on line 16
[28-Jul-2019 06:06:42 UTC] PHP Fatal error:  Call to undefined function get_header() in /home/admin/web/cheapfirstclass.com/public_html/wp-content/themes/cheapfirstclasstheme/index.php on line 16
[29-Jul-2019 05:52:18 UTC] PHP Fatal error:  Call to undefined function get_header() in /home/admin/web/cheapfirstclass.com/public_html/wp-content/themes/cheapfirstclasstheme/index.php on line 16
[30-Jul-2019 05:59:32 UTC] PHP Fatal error:  Call to undefined function get_header() in /home/admin/web/cheapfirstclass.com/public_html/wp-content/themes/cheapfirstclasstheme/index.php on line 16
[31-Jul-2019 05:36:11 UTC] PHP Fatal error:  Call to undefined function get_header() in /home/admin/web/cheapfirstclass.com/public_html/wp-content/themes/cheapfirstclasstheme/index.php on line 16
[01-Aug-2019 05:57:49 UTC] PHP Fatal error:  Call to undefined function get_header() in /home/admin/web/cheapfirstclass.com/public_html/wp-content/themes/cheapfirstclasstheme/index.php on line 16
[02-Aug-2019 06:05:36 UTC] PHP Fatal error:  Call to undefined function get_header() in /home/admin/web/cheapfirstclass.com/public_html/wp-content/themes/cheapfirstclasstheme/index.php on line 16
[03-Aug-2019 05:37:39 UTC] PHP Fatal error:  Call to undefined function get_header() in /home/admin/web/cheapfirstclass.com/public_html/wp-content/themes/cheapfirstclasstheme/index.php on line 16
[04-Aug-2019 06:01:47 UTC] PHP Fatal error:  Call to undefined function get_header() in /home/admin/web/cheapfirstclass.com/public_html/wp-content/themes/cheapfirstclasstheme/index.php on line 16
[05-Aug-2019 05:49:03 UTC] PHP Fatal error:  Call to undefined function get_header() in /home/admin/web/cheapfirstclass.com/public_html/wp-content/themes/cheapfirstclasstheme/index.php on line 16
[06-Aug-2019 06:02:59 UTC] PHP Fatal error:  Call to undefined function get_header() in /home/admin/web/cheapfirstclass.com/public_html/wp-content/themes/cheapfirstclasstheme/index.php on line 16
[07-Aug-2019 05:35:09 UTC] PHP Fatal error:  Call to undefined function get_header() in /home/admin/web/cheapfirstclass.com/public_html/wp-content/themes/cheapfirstclasstheme/index.php on line 16
[08-Aug-2019 05:46:54 UTC] PHP Fatal error:  Call to undefined function get_header() in /home/admin/web/cheapfirstclass.com/public_html/wp-content/themes/cheapfirstclasstheme/index.php on line 16
[09-Aug-2019 05:40:57 UTC] PHP Fatal error:  Call to undefined function get_header() in /home/admin/web/cheapfirstclass.com/public_html/wp-content/themes/cheapfirstclasstheme/index.php on line 16
[10-Aug-2019 05:48:21 UTC] PHP Fatal error:  Call to undefined function get_header() in /home/admin/web/cheapfirstclass.com/public_html/wp-content/themes/cheapfirstclasstheme/index.php on line 16
[11-Aug-2019 05:37:47 UTC] PHP Fatal error:  Call to undefined function get_header() in /home/admin/web/cheapfirstclass.com/public_html/wp-content/themes/cheapfirstclasstheme/index.php on line 16
[12-Aug-2019 05:39:10 UTC] PHP Fatal error:  Call to undefined function get_header() in /home/admin/web/cheapfirstclass.com/public_html/wp-content/themes/cheapfirstclasstheme/index.php on line 16
[13-Aug-2019 05:37:44 UTC] PHP Fatal error:  Call to undefined function get_header() in /home/admin/web/cheapfirstclass.com/public_html/wp-content/themes/cheapfirstclasstheme/index.php on line 16
[14-Aug-2019 05:45:11 UTC] PHP Fatal error:  Call to undefined function get_header() in /home/admin/web/cheapfirstclass.com/public_html/wp-content/themes/cheapfirstclasstheme/index.php on line 16
[15-Aug-2019 05:44:46 UTC] PHP Fatal error:  Call to undefined function get_header() in /home/admin/web/cheapfirstclass.com/public_html/wp-content/themes/cheapfirstclasstheme/index.php on line 16
[16-Aug-2019 06:10:57 UTC] PHP Fatal error:  Call to undefined function get_header() in /home/admin/web/cheapfirstclass.com/public_html/wp-content/themes/cheapfirstclasstheme/index.php on line 16
[17-Aug-2019 05:55:22 UTC] PHP Fatal error:  Call to undefined function get_header() in /home/admin/web/cheapfirstclass.com/public_html/wp-content/themes/cheapfirstclasstheme/index.php on line 16
[18-Aug-2019 06:08:24 UTC] PHP Fatal error:  Call to undefined function get_header() in /home/admin/web/cheapfirstclass.com/public_html/wp-content/themes/cheapfirstclasstheme/index.php on line 16
[19-Aug-2019 05:59:11 UTC] PHP Fatal error:  Call to undefined function get_header() in /home/admin/web/cheapfirstclass.com/public_html/wp-content/themes/cheapfirstclasstheme/index.php on line 16
[20-Aug-2019 06:05:09 UTC] PHP Fatal error:  Call to undefined function get_header() in /home/admin/web/cheapfirstclass.com/public_html/wp-content/themes/cheapfirstclasstheme/index.php on line 16
[21-Aug-2019 05:49:14 UTC] PHP Fatal error:  Call to undefined function get_header() in /home/admin/web/cheapfirstclass.com/public_html/wp-content/themes/cheapfirstclasstheme/index.php on line 16
[22-Aug-2019 06:12:31 UTC] PHP Fatal error:  Call to undefined function get_header() in /home/admin/web/cheapfirstclass.com/public_html/wp-content/themes/cheapfirstclasstheme/index.php on line 16
[23-Aug-2019 05:42:38 UTC] PHP Fatal error:  Call to undefined function get_header() in /home/admin/web/cheapfirstclass.com/public_html/wp-content/themes/cheapfirstclasstheme/index.php on line 16
[24-Aug-2019 06:10:14 UTC] PHP Fatal error:  Call to undefined function get_header() in /home/admin/web/cheapfirstclass.com/public_html/wp-content/themes/cheapfirstclasstheme/index.php on line 16
[25-Aug-2019 05:59:20 UTC] PHP Fatal error:  Call to undefined function get_header() in /home/admin/web/cheapfirstclass.com/public_html/wp-content/themes/cheapfirstclasstheme/index.php on line 16
[26-Aug-2019 06:05:59 UTC] PHP Fatal error:  Call to undefined function get_header() in /home/admin/web/cheapfirstclass.com/public_html/wp-content/themes/cheapfirstclasstheme/index.php on line 16
[27-Aug-2019 05:59:19 UTC] PHP Fatal error:  Call to undefined function get_header() in /home/admin/web/cheapfirstclass.com/public_html/wp-content/themes/cheapfirstclasstheme/index.php on line 16
[28-Aug-2019 06:04:33 UTC] PHP Fatal error:  Call to undefined function get_header() in /home/admin/web/cheapfirstclass.com/public_html/wp-content/themes/cheapfirstclasstheme/index.php on line 16
[29-Aug-2019 05:52:05 UTC] PHP Fatal error:  Call to undefined function get_header() in /home/admin/web/cheapfirstclass.com/public_html/wp-content/themes/cheapfirstclasstheme/index.php on line 16
[30-Aug-2019 06:05:13 UTC] PHP Fatal error:  Call to undefined function get_header() in /home/admin/web/cheapfirstclass.com/public_html/wp-content/themes/cheapfirstclasstheme/index.php on line 16
[31-Aug-2019 05:57:17 UTC] PHP Fatal error:  Call to undefined function get_header() in /home/admin/web/cheapfirstclass.com/public_html/wp-content/themes/cheapfirstclasstheme/index.php on line 16
[01-Sep-2019 06:03:20 UTC] PHP Fatal error:  Call to undefined function get_header() in /home/admin/web/cheapfirstclass.com/public_html/wp-content/themes/cheapfirstclasstheme/index.php on line 16
[02-Sep-2019 06:05:55 UTC] PHP Fatal error:  Call to undefined function get_header() in /home/admin/web/cheapfirstclass.com/public_html/wp-content/themes/cheapfirstclasstheme/index.php on line 16
[03-Sep-2019 05:51:18 UTC] PHP Fatal error:  Call to undefined function get_header() in /home/admin/web/cheapfirstclass.com/public_html/wp-content/themes/cheapfirstclasstheme/index.php on line 16
[04-Sep-2019 06:13:36 UTC] PHP Fatal error:  Call to undefined function get_header() in /home/admin/web/cheapfirstclass.com/public_html/wp-content/themes/cheapfirstclasstheme/index.php on line 16
[05-Sep-2019 05:55:42 UTC] PHP Fatal error:  Call to undefined function get_header() in /home/admin/web/cheapfirstclass.com/public_html/wp-content/themes/cheapfirstclasstheme/index.php on line 16
[06-Sep-2019 06:10:24 UTC] PHP Fatal error:  Call to undefined function get_header() in /home/admin/web/cheapfirstclass.com/public_html/wp-content/themes/cheapfirstclasstheme/index.php on line 16
[07-Sep-2019 06:17:49 UTC] PHP Fatal error:  Call to undefined function get_header() in /home/admin/web/cheapfirstclass.com/public_html/wp-content/themes/cheapfirstclasstheme/index.php on line 16
[08-Sep-2019 06:20:54 UTC] PHP Fatal error:  Call to undefined function get_header() in /home/admin/web/cheapfirstclass.com/public_html/wp-content/themes/cheapfirstclasstheme/index.php on line 16
[09-Sep-2019 06:03:03 UTC] PHP Fatal error:  Call to undefined function get_header() in /home/admin/web/cheapfirstclass.com/public_html/wp-content/themes/cheapfirstclasstheme/index.php on line 16
[10-Sep-2019 06:30:28 UTC] PHP Fatal error:  Call to undefined function get_header() in /home/admin/web/cheapfirstclass.com/public_html/wp-content/themes/cheapfirstclasstheme/index.php on line 16
[11-Sep-2019 06:09:06 UTC] PHP Fatal error:  Call to undefined function get_header() in /home/admin/web/cheapfirstclass.com/public_html/wp-content/themes/cheapfirstclasstheme/index.php on line 16
[12-Sep-2019 06:17:21 UTC] PHP Fatal error:  Call to undefined function get_header() in /home/admin/web/cheapfirstclass.com/public_html/wp-content/themes/cheapfirstclasstheme/index.php on line 16
[13-Sep-2019 06:15:07 UTC] PHP Fatal error:  Call to undefined function get_header() in /home/admin/web/cheapfirstclass.com/public_html/wp-content/themes/cheapfirstclasstheme/index.php on line 16
[14-Sep-2019 06:21:45 UTC] PHP Fatal error:  Call to undefined function get_header() in /home/admin/web/cheapfirstclass.com/public_html/wp-content/themes/cheapfirstclasstheme/index.php on line 16
[15-Sep-2019 06:32:00 UTC] PHP Fatal error:  Call to undefined function get_header() in /home/admin/web/cheapfirstclass.com/public_html/wp-content/themes/cheapfirstclasstheme/index.php on line 16
[16-Sep-2019 06:38:29 UTC] PHP Fatal error:  Call to undefined function get_header() in /home/admin/web/cheapfirstclass.com/public_html/wp-content/themes/cheapfirstclasstheme/index.php on line 16
[17-Sep-2019 06:25:33 UTC] PHP Fatal error:  Call to undefined function get_header() in /home/admin/web/cheapfirstclass.com/public_html/wp-content/themes/cheapfirstclasstheme/index.php on line 16
[18-Sep-2019 06:29:18 UTC] PHP Fatal error:  Call to undefined function get_header() in /home/admin/web/cheapfirstclass.com/public_html/wp-content/themes/cheapfirstclasstheme/index.php on line 16
[19-Sep-2019 06:00:12 UTC] PHP Fatal error:  Call to undefined function get_header() in /home/admin/web/cheapfirstclass.com/public_html/wp-content/themes/cheapfirstclasstheme/index.php on line 16
[20-Sep-2019 06:14:06 UTC] PHP Fatal error:  Call to undefined function get_header() in /home/admin/web/cheapfirstclass.com/public_html/wp-content/themes/cheapfirstclasstheme/index.php on line 16
[21-Sep-2019 06:28:20 UTC] PHP Fatal error:  Call to undefined function get_header() in /home/admin/web/cheapfirstclass.com/public_html/wp-content/themes/cheapfirstclasstheme/index.php on line 16
[22-Sep-2019 06:33:14 UTC] PHP Fatal error:  Call to undefined function get_header() in /home/admin/web/cheapfirstclass.com/public_html/wp-content/themes/cheapfirstclasstheme/index.php on line 16
[23-Sep-2019 06:02:05 UTC] PHP Fatal error:  Call to undefined function get_header() in /home/admin/web/cheapfirstclass.com/public_html/wp-content/themes/cheapfirstclasstheme/index.php on line 16
[24-Sep-2019 06:14:57 UTC] PHP Fatal error:  Call to undefined function get_header() in /home/admin/web/cheapfirstclass.com/public_html/wp-content/themes/cheapfirstclasstheme/index.php on line 16
[25-Sep-2019 06:21:08 UTC] PHP Fatal error:  Call to undefined function get_header() in /home/admin/web/cheapfirstclass.com/public_html/wp-content/themes/cheapfirstclasstheme/index.php on line 16
[26-Sep-2019 06:33:18 UTC] PHP Fatal error:  Call to undefined function get_header() in /home/admin/web/cheapfirstclass.com/public_html/wp-content/themes/cheapfirstclasstheme/index.php on line 16
[26-Sep-2019 08:27:27 UTC] PHP Fatal error:  Call to undefined function get_header() in /home/admin/web/cheapfirstclass.com/public_html/wp-content/themes/cheapfirstclasstheme/index.php on line 16
[27-Sep-2019 06:32:37 UTC] PHP Fatal error:  Call to undefined function get_header() in /home/admin/web/cheapfirstclass.com/public_html/wp-content/themes/cheapfirstclasstheme/index.php on line 16
[28-Sep-2019 06:36:49 UTC] PHP Fatal error:  Call to undefined function get_header() in /home/admin/web/cheapfirstclass.com/public_html/wp-content/themes/cheapfirstclasstheme/index.php on line 16
[29-Sep-2019 06:29:26 UTC] PHP Fatal error:  Call to undefined function get_header() in /home/admin/web/cheapfirstclass.com/public_html/wp-content/themes/cheapfirstclasstheme/index.php on line 16
[30-Sep-2019 06:43:07 UTC] PHP Fatal error:  Call to undefined function get_header() in /home/admin/web/cheapfirstclass.com/public_html/wp-content/themes/cheapfirstclasstheme/index.php on line 16
[01-Oct-2019 06:39:10 UTC] PHP Fatal error:  Call to undefined function get_header() in /home/admin/web/cheapfirstclass.com/public_html/wp-content/themes/cheapfirstclasstheme/index.php on line 16
[02-Oct-2019 06:45:18 UTC] PHP Fatal error:  Call to undefined function get_header() in /home/admin/web/cheapfirstclass.com/public_html/wp-content/themes/cheapfirstclasstheme/index.php on line 16
[03-Oct-2019 06:34:13 UTC] PHP Fatal error:  Call to undefined function get_header() in /home/admin/web/cheapfirstclass.com/public_html/wp-content/themes/cheapfirstclasstheme/index.php on line 16
[04-Oct-2019 06:42:04 UTC] PHP Fatal error:  Call to undefined function get_header() in /home/admin/web/cheapfirstclass.com/public_html/wp-content/themes/cheapfirstclasstheme/index.php on line 16
[05-Oct-2019 06:37:43 UTC] PHP Fatal error:  Call to undefined function get_header() in /home/admin/web/cheapfirstclass.com/public_html/wp-content/themes/cheapfirstclasstheme/index.php on line 16
[06-Oct-2019 06:45:03 UTC] PHP Fatal error:  Call to undefined function get_header() in /home/admin/web/cheapfirstclass.com/public_html/wp-content/themes/cheapfirstclasstheme/index.php on line 16
[07-Oct-2019 06:33:18 UTC] PHP Fatal error:  Call to undefined function get_header() in /home/admin/web/cheapfirstclass.com/public_html/wp-content/themes/cheapfirstclasstheme/index.php on line 16
[08-Oct-2019 06:40:50 UTC] PHP Fatal error:  Call to undefined function get_header() in /home/admin/web/cheapfirstclass.com/public_html/wp-content/themes/cheapfirstclasstheme/index.php on line 16
[09-Oct-2019 06:45:21 UTC] PHP Fatal error:  Call to undefined function get_header() in /home/admin/web/cheapfirstclass.com/public_html/wp-content/themes/cheapfirstclasstheme/index.php on line 16
[10-Oct-2019 06:48:46 UTC] PHP Fatal error:  Call to undefined function get_header() in /home/admin/web/cheapfirstclass.com/public_html/wp-content/themes/cheapfirstclasstheme/index.php on line 16
[11-Oct-2019 06:35:31 UTC] PHP Fatal error:  Call to undefined function get_header() in /home/admin/web/cheapfirstclass.com/public_html/wp-content/themes/cheapfirstclasstheme/index.php on line 16
[12-Oct-2019 06:51:23 UTC] PHP Fatal error:  Call to undefined function get_header() in /home/admin/web/cheapfirstclass.com/public_html/wp-content/themes/cheapfirstclasstheme/index.php on line 16
[13-Oct-2019 06:38:02 UTC] PHP Fatal error:  Call to undefined function get_header() in /home/admin/web/cheapfirstclass.com/public_html/wp-content/themes/cheapfirstclasstheme/index.php on line 16
[14-Oct-2019 06:58:32 UTC] PHP Fatal error:  Call to undefined function get_header() in /home/admin/web/cheapfirstclass.com/public_html/wp-content/themes/cheapfirstclasstheme/index.php on line 16
[15-Oct-2019 05:40:12 UTC] PHP Fatal error:  Call to undefined function get_header() in /home/admin/web/cheapfirstclass.com/public_html/wp-content/themes/cheapfirstclasstheme/index.php on line 16
[16-Oct-2019 05:57:48 UTC] PHP Fatal error:  Call to undefined function get_header() in /home/admin/web/cheapfirstclass.com/public_html/wp-content/themes/cheapfirstclasstheme/index.php on line 16
[17-Oct-2019 05:51:18 UTC] PHP Fatal error:  Call to undefined function get_header() in /home/admin/web/cheapfirstclass.com/public_html/wp-content/themes/cheapfirstclasstheme/index.php on line 16
[18-Oct-2019 06:27:55 UTC] PHP Fatal error:  Call to undefined function get_header() in /home/admin/web/cheapfirstclass.com/public_html/wp-content/themes/cheapfirstclasstheme/index.php on line 16
[19-Oct-2019 06:04:49 UTC] PHP Fatal error:  Call to undefined function get_header() in /home/admin/web/cheapfirstclass.com/public_html/wp-content/themes/cheapfirstclasstheme/index.php on line 16
[20-Oct-2019 06:27:04 UTC] PHP Fatal error:  Call to undefined function get_header() in /home/admin/web/cheapfirstclass.com/public_html/wp-content/themes/cheapfirstclasstheme/index.php on line 16
[21-Oct-2019 05:59:35 UTC] PHP Fatal error:  Call to undefined function get_header() in /home/admin/web/cheapfirstclass.com/public_html/wp-content/themes/cheapfirstclasstheme/index.php on line 16
[22-Oct-2019 06:19:44 UTC] PHP Fatal error:  Call to undefined function get_header() in /home/admin/web/cheapfirstclass.com/public_html/wp-content/themes/cheapfirstclasstheme/index.php on line 16
[22-Oct-2019 21:56:54 UTC] PHP Fatal error:  Call to undefined function get_header() in /home/admin/web/cheapfirstclass.com/public_html/wp-content/themes/cheapfirstclasstheme/index.php on line 16
[23-Oct-2019 05:57:21 UTC] PHP Fatal error:  Call to undefined function get_header() in /home/admin/web/cheapfirstclass.com/public_html/wp-content/themes/cheapfirstclasstheme/index.php on line 16
[24-Oct-2019 06:18:56 UTC] PHP Fatal error:  Call to undefined function get_header() in /home/admin/web/cheapfirstclass.com/public_html/wp-content/themes/cheapfirstclasstheme/index.php on line 16
